[2024-11-23T00:59:33.337Z] : [error] uncaughtException: EquipmentType validation failed: _id: Cast to ObjectId failed for value "6473b91234567890123456" (type string) at path "_id" because of "BSONError"
ValidationError: EquipmentType validation failed: _id: Cast to ObjectId failed for value "6473b91234567890123456" (type string) at path "_id" because of "BSONError"
    at Document.invalidate (/Users/hemanthreddytekula/Documents/innathon/mind-hack-zombies/innathon-app/node_modules/mongoose/lib/document.js:3318:32)
    at model.$set (/Users/hemanthreddytekula/Documents/innathon/mind-hack-zombies/innathon-app/node_modules/mongoose/lib/document.js:1474:12)
    at model.$set (/Users/hemanthreddytekula/Documents/innathon/mind-hack-zombies/innathon-app/node_modules/mongoose/lib/document.js:1128:16)
    at model.Document (/Users/hemanthreddytekula/Documents/innathon/mind-hack-zombies/innathon-app/node_modules/mongoose/lib/document.js:177:12)
    at model.Model (/Users/hemanthreddytekula/Documents/innathon/mind-hack-zombies/innathon-app/node_modules/mongoose/lib/model.js:128:12)
    at new model (/Users/hemanthreddytekula/Documents/innathon/mind-hack-zombies/innathon-app/node_modules/mongoose/lib/model.js:4689:15)
    at Array.<anonymous> (/Users/hemanthreddytekula/Documents/innathon/mind-hack-zombies/innathon-app/node_modules/mongoose/lib/model.js:2912:17)
    at _start (/Users/hemanthreddytekula/Documents/innathon/mind-hack-zombies/innathon-app/node_modules/mongoose/lib/helpers/parallelLimit.js:27:37)
    at parallelLimit (/Users/hemanthreddytekula/Documents/innathon/mind-hack-zombies/innathon-app/node_modules/mongoose/lib/helpers/parallelLimit.js:23:5)
    at Model.$__insertMany (/Users/hemanthreddytekula/Documents/innathon/mind-hack-zombies/innathon-app/node_modules/mongoose/lib/model.js:2943:3)ValidationError: EquipmentType validation failed: _id: Cast to ObjectId failed for value "6473b91234567890123456" (type string) at path "_id" because of "BSONError"
    at Document.invalidate (/Users/hemanthreddytekula/Documents/innathon/mind-hack-zombies/innathon-app/node_modules/mongoose/lib/document.js:3318:32)
[2024-11-23T00:59:33.338Z] : [error] uncaughtException: Equipment validation failed: type: Cast to ObjectId failed for value "6473b91234567890123456" (type string) at path "type" because of "BSONError", _id: Cast to ObjectId failed for value "6473b91534567890123459" (type string) at path "_id" because of "BSONError"
ValidationError: Equipment validation failed: type: Cast to ObjectId failed for value "6473b91234567890123456" (type string) at path "type" because of "BSONError", _id: Cast to ObjectId failed for value "6473b91534567890123459" (type string) at path "_id" because of "BSONError"
    at Document.invalidate (/Users/hemanthreddytekula/Documents/innathon/mind-hack-zombies/innathon-app/node_modules/mongoose/lib/document.js:3318:32)
    at model.$set (/Users/hemanthreddytekula/Documents/innathon/mind-hack-zombies/innathon-app/node_modules/mongoose/lib/document.js:1474:12)
    at model.$set (/Users/hemanthreddytekula/Documents/innathon/mind-hack-zombies/innathon-app/node_modules/mongoose/lib/document.js:1128:16)
    at model.Document (/Users/hemanthreddytekula/Documents/innathon/mind-hack-zombies/innathon-app/node_modules/mongoose/lib/document.js:177:12)
    at model.Model (/Users/hemanthreddytekula/Documents/innathon/mind-hack-zombies/innathon-app/node_modules/mongoose/lib/model.js:128:12)
    at new model (/Users/hemanthreddytekula/Documents/innathon/mind-hack-zombies/innathon-app/node_modules/mongoose/lib/model.js:4689:15)
    at Array.<anonymous> (/Users/hemanthreddytekula/Documents/innathon/mind-hack-zombies/innathon-app/node_modules/mongoose/lib/model.js:2912:17)
    at _start (/Users/hemanthreddytekula/Documents/innathon/mind-hack-zombies/innathon-app/node_modules/mongoose/lib/helpers/parallelLimit.js:27:37)
    at parallelLimit (/Users/hemanthreddytekula/Documents/innathon/mind-hack-zombies/innathon-app/node_modules/mongoose/lib/helpers/parallelLimit.js:23:5)
    at Model.$__insertMany (/Users/hemanthreddytekula/Documents/innathon/mind-hack-zombies/innathon-app/node_modules/mongoose/lib/model.js:2943:3)ValidationError: Equipment validation failed: type: Cast to ObjectId failed for value "6473b91234567890123456" (type string) at path "type" because of "BSONError", _id: Cast to ObjectId failed for value "6473b91534567890123459" (type string) at path "_id" because of "BSONError"
    at Document.invalidate (/Users/hemanthreddytekula/Documents/innathon/mind-hack-zombies/innathon-app/node_modules/mongoose/lib/document.js:3318:32)
[2024-11-23T00:59:33.338Z] : [error] uncaughtException: WorkType validation failed: _id: Cast to ObjectId failed for value "6473b91834567890123462" (type string) at path "_id" because of "BSONError"
ValidationError: WorkType validation failed: _id: Cast to ObjectId failed for value "6473b91834567890123462" (type string) at path "_id" because of "BSONError"
    at Document.invalidate (/Users/hemanthreddytekula/Documents/innathon/mind-hack-zombies/innathon-app/node_modules/mongoose/lib/document.js:3318:32)
    at model.$set (/Users/hemanthreddytekula/Documents/innathon/mind-hack-zombies/innathon-app/node_modules/mongoose/lib/document.js:1474:12)
    at model.$set (/Users/hemanthreddytekula/Documents/innathon/mind-hack-zombies/innathon-app/node_modules/mongoose/lib/document.js:1128:16)
    at model.Document (/Users/hemanthreddytekula/Documents/innathon/mind-hack-zombies/innathon-app/node_modules/mongoose/lib/document.js:177:12)
    at model.Model (/Users/hemanthreddytekula/Documents/innathon/mind-hack-zombies/innathon-app/node_modules/mongoose/lib/model.js:128:12)
    at new model (/Users/hemanthreddytekula/Documents/innathon/mind-hack-zombies/innathon-app/node_modules/mongoose/lib/model.js:4689:15)
    at Array.<anonymous> (/Users/hemanthreddytekula/Documents/innathon/mind-hack-zombies/innathon-app/node_modules/mongoose/lib/model.js:2912:17)
    at _start (/Users/hemanthreddytekula/Documents/innathon/mind-hack-zombies/innathon-app/node_modules/mongoose/lib/helpers/parallelLimit.js:27:37)
    at parallelLimit (/Users/hemanthreddytekula/Documents/innathon/mind-hack-zombies/innathon-app/node_modules/mongoose/lib/helpers/parallelLimit.js:23:5)
    at Model.$__insertMany (/Users/hemanthreddytekula/Documents/innathon/mind-hack-zombies/innathon-app/node_modules/mongoose/lib/model.js:2943:3)ValidationError: WorkType validation failed: _id: Cast to ObjectId failed for value "6473b91834567890123462" (type string) at path "_id" because of "BSONError"
    at Document.invalidate (/Users/hemanthreddytekula/Documents/innathon/mind-hack-zombies/innathon-app/node_modules/mongoose/lib/document.js:3318:32)
[2024-11-23T00:59:33.338Z] : [error] uncaughtException: Work validation failed: type: Cast to ObjectId failed for value "6473b91834567890123462" (type string) at path "type" because of "BSONError", equipments.0.equipment: Cast to ObjectId failed for value "6473b91534567890123459" (type string) at path "equipment" because of "BSONError", _id: Cast to ObjectId failed for value "6473b91b34567890123465" (type string) at path "_id" because of "BSONError", cost: Path `cost` is required.
ValidationError: Work validation failed: type: Cast to ObjectId failed for value "6473b91834567890123462" (type string) at path "type" because of "BSONError", equipments.0.equipment: Cast to ObjectId failed for value "6473b91534567890123459" (type string) at path "equipment" because of "BSONError", _id: Cast to ObjectId failed for value "6473b91b34567890123465" (type string) at path "_id" because of "BSONError", cost: Path `cost` is required.
    at Document.invalidate (/Users/hemanthreddytekula/Documents/innathon/mind-hack-zombies/innathon-app/node_modules/mongoose/lib/document.js:3318:32)
    at model.$set (/Users/hemanthreddytekula/Documents/innathon/mind-hack-zombies/innathon-app/node_modules/mongoose/lib/document.js:1474:12)
    at model.$set (/Users/hemanthreddytekula/Documents/innathon/mind-hack-zombies/innathon-app/node_modules/mongoose/lib/document.js:1128:16)
    at model.Document (/Users/hemanthreddytekula/Documents/innathon/mind-hack-zombies/innathon-app/node_modules/mongoose/lib/document.js:177:12)
    at model.Model (/Users/hemanthreddytekula/Documents/innathon/mind-hack-zombies/innathon-app/node_modules/mongoose/lib/model.js:128:12)
    at new model (/Users/hemanthreddytekula/Documents/innathon/mind-hack-zombies/innathon-app/node_modules/mongoose/lib/model.js:4689:15)
    at Array.<anonymous> (/Users/hemanthreddytekula/Documents/innathon/mind-hack-zombies/innathon-app/node_modules/mongoose/lib/model.js:2912:17)
    at _start (/Users/hemanthreddytekula/Documents/innathon/mind-hack-zombies/innathon-app/node_modules/mongoose/lib/helpers/parallelLimit.js:27:37)
    at parallelLimit (/Users/hemanthreddytekula/Documents/innathon/mind-hack-zombies/innathon-app/node_modules/mongoose/lib/helpers/parallelLimit.js:23:5)
    at Model.$__insertMany (/Users/hemanthreddytekula/Documents/innathon/mind-hack-zombies/innathon-app/node_modules/mongoose/lib/model.js:2943:3)ValidationError: Work validation failed: type: Cast to ObjectId failed for value "6473b91834567890123462" (type string) at path "type" because of "BSONError", equipments.0.equipment: Cast to ObjectId failed for value "6473b91534567890123459" (type string) at path "equipment" because of "BSONError", _id: Cast to ObjectId failed for value "6473b91b34567890123465" (type string) at path "_id" because of "BSONError", cost: Path `cost` is required.
    at Document.invalidate (/Users/hemanthreddytekula/Documents/innathon/mind-hack-zombies/innathon-app/node_modules/mongoose/lib/document.js:3318:32)
[2024-11-23T00:59:33.339Z] : [error] uncaughtException: Activity validation failed: workTypeSequences.0.workType: Cast to ObjectId failed for value "6473b91834567890123462" (type string) at path "workType" because of "BSONError", _id: Cast to ObjectId failed for value "6473b91d34567890123467" (type string) at path "_id" because of "BSONError"
ValidationError: Activity validation failed: workTypeSequences.0.workType: Cast to ObjectId failed for value "6473b91834567890123462" (type string) at path "workType" because of "BSONError", _id: Cast to ObjectId failed for value "6473b91d34567890123467" (type string) at path "_id" because of "BSONError"
    at Document.invalidate (/Users/hemanthreddytekula/Documents/innathon/mind-hack-zombies/innathon-app/node_modules/mongoose/lib/document.js:3318:32)
    at Subdocument.invalidate (/Users/hemanthreddytekula/Documents/innathon/mind-hack-zombies/innathon-app/node_modules/mongoose/lib/types/subdocument.js:229:12)
    at EmbeddedDocument.$set (/Users/hemanthreddytekula/Documents/innathon/mind-hack-zombies/innathon-app/node_modules/mongoose/lib/document.js:1474:12)
    at EmbeddedDocument.$set (/Users/hemanthreddytekula/Documents/innathon/mind-hack-zombies/innathon-app/node_modules/mongoose/lib/document.js:1128:16)
    at EmbeddedDocument.Document (/Users/hemanthreddytekula/Documents/innathon/mind-hack-zombies/innathon-app/node_modules/mongoose/lib/document.js:177:12)
    at EmbeddedDocument.Subdocument (/Users/hemanthreddytekula/Documents/innathon/mind-hack-zombies/innathon-app/node_modules/mongoose/lib/types/subdocument.js:34:12)
    at EmbeddedDocument.ArraySubdocument [as constructor] (/Users/hemanthreddytekula/Documents/innathon/mind-hack-zombies/innathon-app/node_modules/mongoose/lib/types/arraySubdocument.js:44:15)
    at new EmbeddedDocument (/Users/hemanthreddytekula/Documents/innathon/mind-hack-zombies/innathon-app/node_modules/mongoose/lib/schema/documentArray.js:130:17)
    at SchemaDocumentArray.cast (/Users/hemanthreddytekula/Documents/innathon/mind-hack-zombies/innathon-app/node_modules/mongoose/lib/schema/documentArray.js:495:22)
    at SchemaType.applySetters (/Users/hemanthreddytekula/Documents/innathon/mind-hack-zombies/innathon-app/node_modules/mongoose/lib/schemaType.js:1236:12)ValidationError: Activity validation failed: workTypeSequences.0.workType: Cast to ObjectId failed for value "6473b91834567890123462" (type string) at path "workType" because of "BSONError", _id: Cast to ObjectId failed for value "6473b91d34567890123467" (type string) at path "_id" because of "BSONError"
    at Document.invalidate (/Users/hemanthreddytekula/Documents/innathon/mind-hack-zombies/innathon-app/node_modules/mongoose/lib/document.js:3318:32)
[2024-11-23T00:59:33.339Z] : [error] uncaughtException: Location validation failed: activities.0.activity: Cast to ObjectId failed for value "6473b91d34567890123467" (type string) at path "activity" because of "BSONError", activities.1.activity: Cast to ObjectId failed for value "6473b91e34567890123468" (type string) at path "activity" because of "BSONError", _id: Cast to ObjectId failed for value "6473b91f34567890123469" (type string) at path "_id" because of "BSONError"
ValidationError: Location validation failed: activities.0.activity: Cast to ObjectId failed for value "6473b91d34567890123467" (type string) at path "activity" because of "BSONError", activities.1.activity: Cast to ObjectId failed for value "6473b91e34567890123468" (type string) at path "activity" because of "BSONError", _id: Cast to ObjectId failed for value "6473b91f34567890123469" (type string) at path "_id" because of "BSONError"
    at Document.invalidate (/Users/hemanthreddytekula/Documents/innathon/mind-hack-zombies/innathon-app/node_modules/mongoose/lib/document.js:3318:32)
    at Subdocument.invalidate (/Users/hemanthreddytekula/Documents/innathon/mind-hack-zombies/innathon-app/node_modules/mongoose/lib/types/subdocument.js:229:12)
    at EmbeddedDocument.$set (/Users/hemanthreddytekula/Documents/innathon/mind-hack-zombies/innathon-app/node_modules/mongoose/lib/document.js:1474:12)
    at EmbeddedDocument.$set (/Users/hemanthreddytekula/Documents/innathon/mind-hack-zombies/innathon-app/node_modules/mongoose/lib/document.js:1128:16)
    at EmbeddedDocument.Document (/Users/hemanthreddytekula/Documents/innathon/mind-hack-zombies/innathon-app/node_modules/mongoose/lib/document.js:177:12)
    at EmbeddedDocument.Subdocument (/Users/hemanthreddytekula/Documents/innathon/mind-hack-zombies/innathon-app/node_modules/mongoose/lib/types/subdocument.js:34:12)
    at EmbeddedDocument.ArraySubdocument [as constructor] (/Users/hemanthreddytekula/Documents/innathon/mind-hack-zombies/innathon-app/node_modules/mongoose/lib/types/arraySubdocument.js:44:15)
    at new EmbeddedDocument (/Users/hemanthreddytekula/Documents/innathon/mind-hack-zombies/innathon-app/node_modules/mongoose/lib/schema/documentArray.js:130:17)
    at SchemaDocumentArray.cast (/Users/hemanthreddytekula/Documents/innathon/mind-hack-zombies/innathon-app/node_modules/mongoose/lib/schema/documentArray.js:495:22)
    at SchemaType.applySetters (/Users/hemanthreddytekula/Documents/innathon/mind-hack-zombies/innathon-app/node_modules/mongoose/lib/schemaType.js:1236:12)ValidationError: Location validation failed: activities.0.activity: Cast to ObjectId failed for value "6473b91d34567890123467" (type string) at path "activity" because of "BSONError", activities.1.activity: Cast to ObjectId failed for value "6473b91e34567890123468" (type string) at path "activity" because of "BSONError", _id: Cast to ObjectId failed for value "6473b91f34567890123469" (type string) at path "_id" because of "BSONError"
    at Document.invalidate (/Users/hemanthreddytekula/Documents/innathon/mind-hack-zombies/innathon-app/node_modules/mongoose/lib/document.js:3318:32)
[2024-11-23T00:59:33.339Z] : [error] uncaughtException: DaywiseActivity validation failed: equipment: Cast to ObjectId failed for value "6473b91534567890123459" (type string) at path "equipment" because of "BSONError", history.0.location: Cast to ObjectId failed for value "6473b91f34567890123469" (type string) at path "location" because of "BSONError", _id: Cast to ObjectId failed for value "6473b92134567890123471" (type string) at path "_id" because of "BSONError", status: `Running` is not a valid enum value for path `status`.
ValidationError: DaywiseActivity validation failed: equipment: Cast to ObjectId failed for value "6473b91534567890123459" (type string) at path "equipment" because of "BSONError", history.0.location: Cast to ObjectId failed for value "6473b91f34567890123469" (type string) at path "location" because of "BSONError", _id: Cast to ObjectId failed for value "6473b92134567890123471" (type string) at path "_id" because of "BSONError", status: `Running` is not a valid enum value for path `status`.
    at Document.invalidate (/Users/hemanthreddytekula/Documents/innathon/mind-hack-zombies/innathon-app/node_modules/mongoose/lib/document.js:3318:32)
    at model.$set (/Users/hemanthreddytekula/Documents/innathon/mind-hack-zombies/innathon-app/node_modules/mongoose/lib/document.js:1474:12)
    at model.$set (/Users/hemanthreddytekula/Documents/innathon/mind-hack-zombies/innathon-app/node_modules/mongoose/lib/document.js:1128:16)
    at model.Document (/Users/hemanthreddytekula/Documents/innathon/mind-hack-zombies/innathon-app/node_modules/mongoose/lib/document.js:177:12)
    at model.Model (/Users/hemanthreddytekula/Documents/innathon/mind-hack-zombies/innathon-app/node_modules/mongoose/lib/model.js:128:12)
    at new model (/Users/hemanthreddytekula/Documents/innathon/mind-hack-zombies/innathon-app/node_modules/mongoose/lib/model.js:4689:15)
    at Array.<anonymous> (/Users/hemanthreddytekula/Documents/innathon/mind-hack-zombies/innathon-app/node_modules/mongoose/lib/model.js:2912:17)
    at _start (/Users/hemanthreddytekula/Documents/innathon/mind-hack-zombies/innathon-app/node_modules/mongoose/lib/helpers/parallelLimit.js:27:37)
    at parallelLimit (/Users/hemanthreddytekula/Documents/innathon/mind-hack-zombies/innathon-app/node_modules/mongoose/lib/helpers/parallelLimit.js:23:5)
    at Model.$__insertMany (/Users/hemanthreddytekula/Documents/innathon/mind-hack-zombies/innathon-app/node_modules/mongoose/lib/model.js:2943:3)ValidationError: DaywiseActivity validation failed: equipment: Cast to ObjectId failed for value "6473b91534567890123459" (type string) at path "equipment" because of "BSONError", history.0.location: Cast to ObjectId failed for value "6473b91f34567890123469" (type string) at path "location" because of "BSONError", _id: Cast to ObjectId failed for value "6473b92134567890123471" (type string) at path "_id" because of "BSONError", status: `Running` is not a valid enum value for path `status`.
    at Document.invalidate (/Users/hemanthreddytekula/Documents/innathon/mind-hack-zombies/innathon-app/node_modules/mongoose/lib/document.js:3318:32)
[2024-11-23T01:03:21.768Z] : [error] uncaughtException: input must be a 24 character hex string, 12 byte Uint8Array, or an integer
BSONError: input must be a 24 character hex string, 12 byte Uint8Array, or an integer
    at new ObjectId (/Users/hemanthreddytekula/Documents/innathon/mind-hack-zombies/innathon-app/node_modules/bson/lib/bson.cjs:2528:23)
    at saveEqpTypes (/Users/hemanthreddytekula/Documents/innathon/mind-hack-zombies/innathon-app/dist/src/services/inventory.service.js:15:20)
    at saveData (/Users/hemanthreddytekula/Documents/innathon/mind-hack-zombies/innathon-app/dist/src/services/inventory.service.js:187:30)
    at /Users/hemanthreddytekula/Documents/innathon/mind-hack-zombies/innathon-app/dist/src/app.js:44:46
    at process.processTicksAndRejections (node:internal/process/task_queues:95:5)BSONError: input must be a 24 character hex string, 12 byte Uint8Array, or an integer
    at new ObjectId (/Users/hemanthreddytekula/Documents/innathon/mind-hack-zombies/innathon-app/node_modules/bson/lib/bson.cjs:2528:23)
[2024-11-23T01:03:21.769Z] : [error] uncaughtException: input must be a 24 character hex string, 12 byte Uint8Array, or an integer
BSONError: input must be a 24 character hex string, 12 byte Uint8Array, or an integer
    at new ObjectId (/Users/hemanthreddytekula/Documents/innathon/mind-hack-zombies/innathon-app/node_modules/bson/lib/bson.cjs:2528:23)
    at saveEqp (/Users/hemanthreddytekula/Documents/innathon/mind-hack-zombies/innathon-app/dist/src/services/inventory.service.js:35:20)
    at saveData (/Users/hemanthreddytekula/Documents/innathon/mind-hack-zombies/innathon-app/dist/src/services/inventory.service.js:188:25)
    at /Users/hemanthreddytekula/Documents/innathon/mind-hack-zombies/innathon-app/dist/src/app.js:44:46
    at process.processTicksAndRejections (node:internal/process/task_queues:95:5)BSONError: input must be a 24 character hex string, 12 byte Uint8Array, or an integer
    at new ObjectId (/Users/hemanthreddytekula/Documents/innathon/mind-hack-zombies/innathon-app/node_modules/bson/lib/bson.cjs:2528:23)
[2024-11-23T01:03:21.769Z] : [error] uncaughtException: input must be a 24 character hex string, 12 byte Uint8Array, or an integer
BSONError: input must be a 24 character hex string, 12 byte Uint8Array, or an integer
    at new ObjectId (/Users/hemanthreddytekula/Documents/innathon/mind-hack-zombies/innathon-app/node_modules/bson/lib/bson.cjs:2528:23)
    at saveWorkType (/Users/hemanthreddytekula/Documents/innathon/mind-hack-zombies/innathon-app/dist/src/services/inventory.service.js:55:20)
    at saveData (/Users/hemanthreddytekula/Documents/innathon/mind-hack-zombies/innathon-app/dist/src/services/inventory.service.js:189:30)
    at /Users/hemanthreddytekula/Documents/innathon/mind-hack-zombies/innathon-app/dist/src/app.js:44:46
    at process.processTicksAndRejections (node:internal/process/task_queues:95:5)BSONError: input must be a 24 character hex string, 12 byte Uint8Array, or an integer
    at new ObjectId (/Users/hemanthreddytekula/Documents/innathon/mind-hack-zombies/innathon-app/node_modules/bson/lib/bson.cjs:2528:23)
[2024-11-23T01:03:21.769Z] : [error] uncaughtException: input must be a 24 character hex string, 12 byte Uint8Array, or an integer
BSONError: input must be a 24 character hex string, 12 byte Uint8Array, or an integer
    at new ObjectId (/Users/hemanthreddytekula/Documents/innathon/mind-hack-zombies/innathon-app/node_modules/bson/lib/bson.cjs:2528:23)
    at saveWork (/Users/hemanthreddytekula/Documents/innathon/mind-hack-zombies/innathon-app/dist/src/services/inventory.service.js:72:20)
    at saveData (/Users/hemanthreddytekula/Documents/innathon/mind-hack-zombies/innathon-app/dist/src/services/inventory.service.js:190:26)
    at /Users/hemanthreddytekula/Documents/innathon/mind-hack-zombies/innathon-app/dist/src/app.js:44:46
    at process.processTicksAndRejections (node:internal/process/task_queues:95:5)BSONError: input must be a 24 character hex string, 12 byte Uint8Array, or an integer
    at new ObjectId (/Users/hemanthreddytekula/Documents/innathon/mind-hack-zombies/innathon-app/node_modules/bson/lib/bson.cjs:2528:23)
[2024-11-23T01:03:21.770Z] : [error] uncaughtException: input must be a 24 character hex string, 12 byte Uint8Array, or an integer
BSONError: input must be a 24 character hex string, 12 byte Uint8Array, or an integer
    at new ObjectId (/Users/hemanthreddytekula/Documents/innathon/mind-hack-zombies/innathon-app/node_modules/bson/lib/bson.cjs:2528:23)
    at saveActivity (/Users/hemanthreddytekula/Documents/innathon/mind-hack-zombies/innathon-app/dist/src/services/inventory.service.js:107:20)
    at saveData (/Users/hemanthreddytekula/Documents/innathon/mind-hack-zombies/innathon-app/dist/src/services/inventory.service.js:191:30)
    at /Users/hemanthreddytekula/Documents/innathon/mind-hack-zombies/innathon-app/dist/src/app.js:44:46
    at process.processTicksAndRejections (node:internal/process/task_queues:95:5)BSONError: input must be a 24 character hex string, 12 byte Uint8Array, or an integer
    at new ObjectId (/Users/hemanthreddytekula/Documents/innathon/mind-hack-zombies/innathon-app/node_modules/bson/lib/bson.cjs:2528:23)
[2024-11-23T01:03:21.770Z] : [error] uncaughtException: input must be a 24 character hex string, 12 byte Uint8Array, or an integer
BSONError: input must be a 24 character hex string, 12 byte Uint8Array, or an integer
    at new ObjectId (/Users/hemanthreddytekula/Documents/innathon/mind-hack-zombies/innathon-app/node_modules/bson/lib/bson.cjs:2528:23)
    at saveLocation (/Users/hemanthreddytekula/Documents/innathon/mind-hack-zombies/innathon-app/dist/src/services/inventory.service.js:133:20)
    at saveData (/Users/hemanthreddytekula/Documents/innathon/mind-hack-zombies/innathon-app/dist/src/services/inventory.service.js:192:30)
    at /Users/hemanthreddytekula/Documents/innathon/mind-hack-zombies/innathon-app/dist/src/app.js:44:46
    at process.processTicksAndRejections (node:internal/process/task_queues:95:5)BSONError: input must be a 24 character hex string, 12 byte Uint8Array, or an integer
    at new ObjectId (/Users/hemanthreddytekula/Documents/innathon/mind-hack-zombies/innathon-app/node_modules/bson/lib/bson.cjs:2528:23)
[2024-11-23T01:03:21.770Z] : [error] uncaughtException: input must be a 24 character hex string, 12 byte Uint8Array, or an integer
BSONError: input must be a 24 character hex string, 12 byte Uint8Array, or an integer
    at new ObjectId (/Users/hemanthreddytekula/Documents/innathon/mind-hack-zombies/innathon-app/node_modules/bson/lib/bson.cjs:2528:23)
    at savedayWiseActivity (/Users/hemanthreddytekula/Documents/innathon/mind-hack-zombies/innathon-app/dist/src/services/inventory.service.js:162:20)
    at saveData (/Users/hemanthreddytekula/Documents/innathon/mind-hack-zombies/innathon-app/dist/src/services/inventory.service.js:193:37)
    at /Users/hemanthreddytekula/Documents/innathon/mind-hack-zombies/innathon-app/dist/src/app.js:44:46
    at process.processTicksAndRejections (node:internal/process/task_queues:95:5)BSONError: input must be a 24 character hex string, 12 byte Uint8Array, or an integer
    at new ObjectId (/Users/hemanthreddytekula/Documents/innathon/mind-hack-zombies/innathon-app/node_modules/bson/lib/bson.cjs:2528:23)
